# JRE version: Java(TM) SE Runtime Environment (8.0_111-b14) (build 1.8.0_111-b14)
# Java VM: Java HotSpot(TM) 64-Bit Server VM (25.111-b14 mixed mode windows-amd64 compressed oops)
Heap:
 PSYoungGen      total 314368K, used 68189K [0x0000000780800000, 0x0000000795500000, 0x00000007c0000000)
  eden space 295936K, 21% used [0x0000000780800000,0x00000007845423a8,0x0000000792900000)
  from space 18432K, 29% used [0x0000000793b00000,0x0000000794055428,0x0000000794d00000)
  to   space 18432K, 0% used [0x0000000792900000,0x0000000792900000,0x0000000793b00000)
 ParOldGen       total 154624K, used 24866K [0x0000000701800000, 0x000000070af00000, 0x0000000780800000)
  object space 154624K, 16% used [0x0000000701800000,0x00000007030488e8,0x000000070af00000)
 Metaspace       used 60508K, capacity 63774K, committed 64024K, reserved 1103872K
  class space    used 8175K, capacity 8720K, committed 8752K, reserved 1048576K
GC Heap History (10 events):
Event: 14.893 GC heap before
{Heap before GC invocations=9 (full 2):
 PSYoungGen      total 161792K, used 8399K [0x0000000780800000, 0x0000000790d80000, 0x00000007c0000000)
  eden space 150016K, 0% used [0x0000000780800000,0x0000000780800000,0x0000000789a80000)
  from space 11776K, 71% used [0x0000000789a80000,0x000000078a2b3ca0,0x000000078a600000)
  to   space 12288K, 0% used [0x0000000790180000,0x0000000790180000,0x0000000790d80000)
 ParOldGen       total 79872K, used 10096K [0x0000000701800000, 0x0000000706600000, 0x0000000780800000)
  object space 79872K, 12% used [0x0000000701800000,0x00000007021dc048,0x0000000706600000)
 Metaspace       used 33554K, capacity 35332K, committed 35496K, reserved 1079296K
  class space    used 4337K, capacity 4683K, committed 4784K, reserved 1048576K
Event: 15.094 GC heap after
Heap after GC invocations=9 (full 2):
 PSYoungGen      total 161792K, used 0K [0x0000000780800000, 0x0000000790d80000, 0x00000007c0000000)
  eden space 150016K, 0% used [0x0000000780800000,0x0000000780800000,0x0000000789a80000)
  from space 11776K, 0% used [0x0000000789a80000,0x0000000789a80000,0x000000078a600000)
  to   space 12288K, 0% used [0x0000000790180000,0x0000000790180000,0x0000000790d80000)
 ParOldGen       total 113152K, used 12589K [0x0000000701800000, 0x0000000708680000, 0x0000000780800000)
  object space 113152K, 11% used [0x0000000701800000,0x000000070244b438,0x0000000708680000)
 Metaspace       used 33554K, capacity 35332K, committed 35496K, reserved 1079296K
  class space    used 4337K, capacity 4683K, committed 4784K, reserved 1048576K
}
Event: 22.177 GC heap before
{Heap before GC invocations=10 (full 2):
 PSYoungGen      total 161792K, used 150016K [0x0000000780800000, 0x0000000790d80000, 0x00000007c0000000)
  eden space 150016K, 100% used [0x0000000780800000,0x0000000789a80000,0x0000000789a80000)
  from space 11776K, 0% used [0x0000000789a80000,0x0000000789a80000,0x000000078a600000)
  to   space 12288K, 0% used [0x0000000790180000,0x0000000790180000,0x0000000790d80000)
 ParOldGen       total 113152K, used 12589K [0x0000000701800000, 0x0000000708680000, 0x0000000780800000)
  object space 113152K, 11% used [0x0000000701800000,0x000000070244b438,0x0000000708680000)
 Metaspace       used 49373K, capacity 51478K, committed 51752K, reserved 1093632K
  class space    used 6731K, capacity 7150K, committed 7216K, reserved 1048576K
Event: 22.236 GC heap after
Heap after GC invocations=10 (full 2):
 PSYoungGen      total 243200K, used 12279K [0x0000000780800000, 0x0000000790d80000, 0x00000007c0000000)
  eden space 230912K, 0% used [0x0000000780800000,0x0000000780800000,0x000000078e980000)
  from space 12288K, 99% used [0x0000000790180000,0x0000000790d7dc48,0x0000000790d80000)
  to   space 16384K, 0% used [0x000000078ed80000,0x000000078ed80000,0x000000078fd80000)
 ParOldGen       total 113152K, used 19157K [0x0000000701800000, 0x0000000708680000, 0x0000000780800000)
  object space 113152K, 16% used [0x0000000701800000,0x0000000702ab5468,0x0000000708680000)
 Metaspace       used 49373K, capacity 51478K, committed 51752K, reserved 1093632K
  class space    used 6731K, capacity 7150K, committed 7216K, reserved 1048576K
}
Event: 319.856 GC heap before
{Heap before GC invocations=11 (full 2):
 PSYoungGen      total 243200K, used 109300K [0x0000000780800000, 0x0000000790d80000, 0x00000007c0000000)
  eden space 230912K, 42% used [0x0000000780800000,0x00000007866bf530,0x000000078e980000)
  from space 12288K, 99% used [0x0000000790180000,0x0000000790d7dc48,0x0000000790d80000)
  to   space 16384K, 0% used [0x000000078ed80000,0x000000078ed80000,0x000000078fd80000)
 ParOldGen       total 113152K, used 19157K [0x0000000701800000, 0x0000000708680000, 0x0000000780800000)
  object space 113152K, 16% used [0x0000000701800000,0x0000000702ab5468,0x0000000708680000)
 Metaspace       used 56089K, capacity 59006K, committed 59160K, reserved 1099776K
  class space    used 7661K, capacity 8148K, committed 8240K, reserved 1048576K
Event: 319.916 GC heap after
Heap after GC invocations=11 (full 2):
 PSYoungGen      total 251392K, used 15422K [0x0000000780800000, 0x0000000794d00000, 0x00000007c0000000)
  eden space 235008K, 0% used [0x0000000780800000,0x0000000780800000,0x000000078ed80000)
  from space 16384K, 94% used [0x000000078ed80000,0x000000078fc8fa18,0x000000078fd80000)
  to   space 18432K, 0% used [0x0000000793b00000,0x0000000793b00000,0x0000000794d00000)
 ParOldGen       total 113152K, used 19173K [0x0000000701800000, 0x0000000708680000, 0x0000000780800000)
  object space 113152K, 16% used [0x0000000701800000,0x0000000702ab9478,0x0000000708680000)
 Metaspace       used 56089K, capacity 59006K, committed 59160K, reserved 1099776K
  class space    used 7661K, capacity 8148K, committed 8240K, reserved 1048576K
}
Event: 319.916 GC heap before
{Heap before GC invocations=12 (full 3):
 PSYoungGen      total 251392K, used 15422K [0x0000000780800000, 0x0000000794d00000, 0x00000007c0000000)
  eden space 235008K, 0% used [0x0000000780800000,0x0000000780800000,0x000000078ed80000)
  from space 16384K, 94% used [0x000000078ed80000,0x000000078fc8fa18,0x000000078fd80000)
  to   space 18432K, 0% used [0x0000000793b00000,0x0000000793b00000,0x0000000794d00000)
 ParOldGen       total 113152K, used 19173K [0x0000000701800000, 0x0000000708680000, 0x0000000780800000)
  object space 113152K, 16% used [0x0000000701800000,0x0000000702ab9478,0x0000000708680000)
 Metaspace       used 56089K, capacity 59006K, committed 59160K, reserved 1099776K
  class space    used 7661K, capacity 8148K, committed 8240K, reserved 1048576K
Event: 320.242 GC heap after
Heap after GC invocations=12 (full 3):
 PSYoungGen      total 251392K, used 0K [0x0000000780800000, 0x0000000794d00000, 0x00000007c0000000)
  eden space 235008K, 0% used [0x0000000780800000,0x0000000780800000,0x000000078ed80000)
  from space 16384K, 0% used [0x000000078ed80000,0x000000078ed80000,0x000000078fd80000)
  to   space 18432K, 0% used [0x0000000793b00000,0x0000000793b00000,0x0000000794d00000)
 ParOldGen       total 154624K, used 24858K [0x0000000701800000, 0x000000070af00000, 0x0000000780800000)
  object space 154624K, 16% used [0x0000000701800000,0x00000007030468e8,0x000000070af00000)
 Metaspace       used 56085K, capacity 59000K, committed 59160K, reserved 1099776K
  class space    used 7660K, capacity 8147K, committed 8240K, reserved 1048576K
}
Event: 3556.676 GC heap before
{Heap before GC invocations=13 (full 3):
 PSYoungGen      total 251392K, used 235008K [0x0000000780800000, 0x0000000794d00000, 0x00000007c0000000)
  eden space 235008K, 100% used [0x0000000780800000,0x000000078ed80000,0x000000078ed80000)
  from space 16384K, 0% used [0x000000078ed80000,0x000000078ed80000,0x000000078fd80000)
  to   space 18432K, 0% used [0x0000000793b00000,0x0000000793b00000,0x0000000794d00000)
 ParOldGen       total 154624K, used 24858K [0x0000000701800000, 0x000000070af00000, 0x0000000780800000)
  object space 154624K, 16% used [0x0000000701800000,0x00000007030468e8,0x000000070af00000)
 Metaspace       used 60472K, capacity 63774K, committed 64024K, reserved 1103872K
  class space    used 8175K, capacity 8720K, committed 8752K, reserved 1048576K
Event: 3556.771 GC heap after
Heap after GC invocations=13 (full 3):
 PSYoungGen      total 314368K, used 5461K [0x0000000780800000, 0x0000000795500000, 0x00000007c0000000)
  eden space 295936K, 0% used [0x0000000780800000,0x0000000780800000,0x0000000792900000)
  from space 18432K, 29% used [0x0000000793b00000,0x0000000794055428,0x0000000794d00000)
  to   space 18432K, 0% used [0x0000000792900000,0x0000000792900000,0x0000000793b00000)
 ParOldGen       total 154624K, used 24866K [0x0000000701800000, 0x000000070af00000, 0x0000000780800000)
  object space 154624K, 16% used [0x0000000701800000,0x00000007030488e8,0x000000070af00000)
 Metaspace       used 60472K, capacity 63774K, committed 64024K, reserved 1103872K
  class space    used 8175K, capacity 8720K, committed 8752K, reserved 1048576K
}

