# JRE version: Java(TM) SE Runtime Environment (8.0_111-b14) (build 1.8.0_111-b14)
# Java VM: Java HotSpot(TM) 64-Bit Server VM (25.111-b14 mixed mode windows-amd64 compressed oops)
Heap:
 PSYoungGen      total 319488K, used 39912K [0x0000000780800000, 0x000000079df80000, 0x00000007c0000000)
  eden space 307712K, 12% used [0x0000000780800000,0x0000000782efa238,0x0000000793480000)
  from space 11776K, 0% used [0x0000000793480000,0x0000000793480000,0x0000000794000000)
  to   space 19456K, 0% used [0x000000079cc80000,0x000000079cc80000,0x000000079df80000)
 ParOldGen       total 130560K, used 36393K [0x0000000701800000, 0x0000000709780000, 0x0000000780800000)
  object space 130560K, 27% used [0x0000000701800000,0x0000000703b8a508,0x0000000709780000)
 Metaspace       used 58040K, capacity 61024K, committed 61144K, reserved 1101824K
  class space    used 7848K, capacity 8355K, committed 8448K, reserved 1048576K
GC Heap History (10 events):
Event: 26.353 GC heap before
{Heap before GC invocations=8 (full 1):
 PSYoungGen      total 181248K, used 180864K [0x0000000780800000, 0x000000078d580000, 0x00000007c0000000)
  eden space 176128K, 99% used [0x0000000780800000,0x000000078b3eff38,0x000000078b400000)
  from space 5120K, 93% used [0x000000078d080000,0x000000078d5303c8,0x000000078d580000)
  to   space 8704K, 0% used [0x000000078c480000,0x000000078c480000,0x000000078cd00000)
 ParOldGen       total 63488K, used 5018K [0x0000000701800000, 0x0000000705600000, 0x0000000780800000)
  object space 63488K, 7% used [0x0000000701800000,0x0000000701ce6b98,0x0000000705600000)
 Metaspace       used 31977K, capacity 33720K, committed 33920K, reserved 1079296K
  class space    used 4117K, capacity 4467K, committed 4480K, reserved 1048576K
Event: 26.412 GC heap after
Heap after GC invocations=8 (full 1):
 PSYoungGen      total 201728K, used 8678K [0x0000000780800000, 0x0000000794b80000, 0x00000007c0000000)
  eden space 193024K, 0% used [0x0000000780800000,0x0000000780800000,0x000000078c480000)
  from space 8704K, 99% used [0x000000078c480000,0x000000078ccf9b60,0x000000078cd00000)
  to   space 11776K, 0% used [0x0000000794000000,0x0000000794000000,0x0000000794b80000)
 ParOldGen       total 63488K, used 8532K [0x0000000701800000, 0x0000000705600000, 0x0000000780800000)
  object space 63488K, 13% used [0x0000000701800000,0x0000000702055360,0x0000000705600000)
 Metaspace       used 31977K, capacity 33720K, committed 33920K, reserved 1079296K
  class space    used 4117K, capacity 4467K, committed 4480K, reserved 1048576K
}
Event: 27.689 GC heap before
{Heap before GC invocations=9 (full 1):
 PSYoungGen      total 201728K, used 35635K [0x0000000780800000, 0x0000000794b80000, 0x00000007c0000000)
  eden space 193024K, 13% used [0x0000000780800000,0x00000007822533c8,0x000000078c480000)
  from space 8704K, 99% used [0x000000078c480000,0x000000078ccf9b60,0x000000078cd00000)
  to   space 11776K, 0% used [0x0000000794000000,0x0000000794000000,0x0000000794b80000)
 ParOldGen       total 63488K, used 8532K [0x0000000701800000, 0x0000000705600000, 0x0000000780800000)
  object space 63488K, 13% used [0x0000000701800000,0x0000000702055360,0x0000000705600000)
 Metaspace       used 33484K, capacity 35238K, committed 35416K, reserved 1079296K
  class space    used 4300K, capacity 4648K, committed 4736K, reserved 1048576K
Event: 27.741 GC heap after
Heap after GC invocations=9 (full 1):
 PSYoungGen      total 319488K, used 7772K [0x0000000780800000, 0x0000000796700000, 0x00000007c0000000)
  eden space 307712K, 0% used [0x0000000780800000,0x0000000780800000,0x0000000793480000)
  from space 11776K, 66% used [0x0000000794000000,0x0000000794797320,0x0000000794b80000)
  to   space 11776K, 0% used [0x0000000793480000,0x0000000793480000,0x0000000794000000)
 ParOldGen       total 63488K, used 8540K [0x0000000701800000, 0x0000000705600000, 0x0000000780800000)
  object space 63488K, 13% used [0x0000000701800000,0x0000000702057360,0x0000000705600000)
 Metaspace       used 33484K, capacity 35238K, committed 35416K, reserved 1079296K
  class space    used 4300K, capacity 4648K, committed 4736K, reserved 1048576K
}
Event: 27.741 GC heap before
{Heap before GC invocations=10 (full 2):
 PSYoungGen      total 319488K, used 7772K [0x0000000780800000, 0x0000000796700000, 0x00000007c0000000)
  eden space 307712K, 0% used [0x0000000780800000,0x0000000780800000,0x0000000793480000)
  from space 11776K, 66% used [0x0000000794000000,0x0000000794797320,0x0000000794b80000)
  to   space 11776K, 0% used [0x0000000793480000,0x0000000793480000,0x0000000794000000)
 ParOldGen       total 63488K, used 8540K [0x0000000701800000, 0x0000000705600000, 0x0000000780800000)
  object space 63488K, 13% used [0x0000000701800000,0x0000000702057360,0x0000000705600000)
 Metaspace       used 33484K, capacity 35238K, committed 35416K, reserved 1079296K
  class space    used 4300K, capacity 4648K, committed 4736K, reserved 1048576K
Event: 27.885 GC heap after
Heap after GC invocations=10 (full 2):
 PSYoungGen      total 319488K, used 0K [0x0000000780800000, 0x0000000796700000, 0x00000007c0000000)
  eden space 307712K, 0% used [0x0000000780800000,0x0000000780800000,0x0000000793480000)
  from space 11776K, 0% used [0x0000000794000000,0x0000000794000000,0x0000000794b80000)
  to   space 11776K, 0% used [0x0000000793480000,0x0000000793480000,0x0000000794000000)
 ParOldGen       total 84480K, used 11885K [0x0000000701800000, 0x0000000706a80000, 0x0000000780800000)
  object space 84480K, 14% used [0x0000000701800000,0x000000070239b438,0x0000000706a80000)
 Metaspace       used 33484K, capacity 35238K, committed 35416K, reserved 1079296K
  class space    used 4300K, capacity 4648K, committed 4736K, reserved 1048576K
}
Event: 49.302 GC heap before
{Heap before GC invocations=11 (full 2):
 PSYoungGen      total 319488K, used 267035K [0x0000000780800000, 0x0000000796700000, 0x00000007c0000000)
  eden space 307712K, 86% used [0x0000000780800000,0x0000000790cc6e40,0x0000000793480000)
  from space 11776K, 0% used [0x0000000794000000,0x0000000794000000,0x0000000794b80000)
  to   space 11776K, 0% used [0x0000000793480000,0x0000000793480000,0x0000000794000000)
 ParOldGen       total 84480K, used 11885K [0x0000000701800000, 0x0000000706a80000, 0x0000000780800000)
  object space 84480K, 14% used [0x0000000701800000,0x000000070239b438,0x0000000706a80000)
 Metaspace       used 56137K, capacity 58882K, committed 58968K, reserved 1099776K
  class space    used 7571K, capacity 8030K, committed 8064K, reserved 1048576K
Event: 49.403 GC heap after
Heap after GC invocations=11 (full 2):
 PSYoungGen      total 319488K, used 11767K [0x0000000780800000, 0x000000079df80000, 0x00000007c0000000)
  eden space 307712K, 0% used [0x0000000780800000,0x0000000780800000,0x0000000793480000)
  from space 11776K, 99% used [0x0000000793480000,0x0000000793ffddc0,0x0000000794000000)
  to   space 19456K, 0% used [0x000000079cc80000,0x000000079cc80000,0x000000079df80000)
 ParOldGen       total 84480K, used 27178K [0x0000000701800000, 0x0000000706a80000, 0x0000000780800000)
  object space 84480K, 32% used [0x0000000701800000,0x000000070328aa10,0x0000000706a80000)
 Metaspace       used 56137K, capacity 58882K, committed 58968K, reserved 1099776K
  class space    used 7571K, capacity 8030K, committed 8064K, reserved 1048576K
}
Event: 49.403 GC heap before
{Heap before GC invocations=12 (full 3):
 PSYoungGen      total 319488K, used 11767K [0x0000000780800000, 0x000000079df80000, 0x00000007c0000000)
  eden space 307712K, 0% used [0x0000000780800000,0x0000000780800000,0x0000000793480000)
  from space 11776K, 99% used [0x0000000793480000,0x0000000793ffddc0,0x0000000794000000)
  to   space 19456K, 0% used [0x000000079cc80000,0x000000079cc80000,0x000000079df80000)
 ParOldGen       total 84480K, used 27178K [0x0000000701800000, 0x0000000706a80000, 0x0000000780800000)
  object space 84480K, 32% used [0x0000000701800000,0x000000070328aa10,0x0000000706a80000)
 Metaspace       used 56137K, capacity 58882K, committed 58968K, reserved 1099776K
  class space    used 7571K, capacity 8030K, committed 8064K, reserved 1048576K
Event: 50.130 GC heap after
Heap after GC invocations=12 (full 3):
 PSYoungGen      total 319488K, used 0K [0x0000000780800000, 0x000000079df80000, 0x00000007c0000000)
  eden space 307712K, 0% used [0x0000000780800000,0x0000000780800000,0x0000000793480000)
  from space 11776K, 0% used [0x0000000793480000,0x0000000793480000,0x0000000794000000)
  to   space 19456K, 0% used [0x000000079cc80000,0x000000079cc80000,0x000000079df80000)
 ParOldGen       total 130560K, used 36393K [0x0000000701800000, 0x0000000709780000, 0x0000000780800000)
  object space 130560K, 27% used [0x0000000701800000,0x0000000703b8a508,0x0000000709780000)
 Metaspace       used 56133K, capacity 58876K, committed 58968K, reserved 1099776K
  class space    used 7571K, capacity 8029K, committed 8064K, reserved 1048576K
}

